  IntroductionLevel.cpp
e:\university\year 3\block 2\graded unit\final engine - main version\final engine\md2model.h(40): warning C4005: 'WIN32': macro redefinition
  e:\university\year 3\block 2\graded unit\final engine - main version\final engine\introductionlevel.cpp: note: see previous definition of 'WIN32'
  IntroductionLevel_Update.cpp
e:\university\year 3\block 2\graded unit\final engine - main version\final engine\md2model.h(40): warning C4005: 'WIN32': macro redefinition
  e:\university\year 3\block 2\graded unit\final engine - main version\final engine\introductionlevel_update.cpp: note: see previous definition of 'WIN32'
  Level_1.cpp
e:\university\year 3\block 2\graded unit\final engine - main version\final engine\md2model.h(40): warning C4005: 'WIN32': macro redefinition
  e:\university\year 3\block 2\graded unit\final engine - main version\final engine\level_1.cpp: note: see previous definition of 'WIN32'
  Level_1_Update.cpp
e:\university\year 3\block 2\graded unit\final engine - main version\final engine\md2model.h(40): warning C4005: 'WIN32': macro redefinition
  e:\university\year 3\block 2\graded unit\final engine - main version\final engine\level_1_update.cpp: note: see previous definition of 'WIN32'
  Level_2.cpp
e:\university\year 3\block 2\graded unit\final engine - main version\final engine\md2model.h(40): warning C4005: 'WIN32': macro redefinition
  e:\university\year 3\block 2\graded unit\final engine - main version\final engine\level_2.cpp: note: see previous definition of 'WIN32'
  Level_2_Update.cpp
e:\university\year 3\block 2\graded unit\final engine - main version\final engine\md2model.h(40): warning C4005: 'WIN32': macro redefinition
  e:\university\year 3\block 2\graded unit\final engine - main version\final engine\level_2_update.cpp: note: see previous definition of 'WIN32'
  Level_3.cpp
e:\university\year 3\block 2\graded unit\final engine - main version\final engine\md2model.h(40): warning C4005: 'WIN32': macro redefinition
  e:\university\year 3\block 2\graded unit\final engine - main version\final engine\level_3.cpp: note: see previous definition of 'WIN32'
  Level_3_Update.cpp
e:\university\year 3\block 2\graded unit\final engine - main version\final engine\md2model.h(40): warning C4005: 'WIN32': macro redefinition
  e:\university\year 3\block 2\graded unit\final engine - main version\final engine\level_3_update.cpp: note: see previous definition of 'WIN32'
  Level_4.cpp
e:\university\year 3\block 2\graded unit\final engine - main version\final engine\md2model.h(40): warning C4005: 'WIN32': macro redefinition
  e:\university\year 3\block 2\graded unit\final engine - main version\final engine\level_4.cpp: note: see previous definition of 'WIN32'
  Level_4_Update.cpp
e:\university\year 3\block 2\graded unit\final engine - main version\final engine\md2model.h(40): warning C4005: 'WIN32': macro redefinition
  e:\university\year 3\block 2\graded unit\final engine - main version\final engine\level_4_update.cpp: note: see previous definition of 'WIN32'
  Level_5.cpp
e:\university\year 3\block 2\graded unit\final engine - main version\final engine\md2model.h(40): warning C4005: 'WIN32': macro redefinition
  e:\university\year 3\block 2\graded unit\final engine - main version\final engine\level_5.cpp: note: see previous definition of 'WIN32'
  Level_5_Update.cpp
e:\university\year 3\block 2\graded unit\final engine - main version\final engine\md2model.h(40): warning C4005: 'WIN32': macro redefinition
  e:\university\year 3\block 2\graded unit\final engine - main version\final engine\level_5_update.cpp: note: see previous definition of 'WIN32'
  Player.cpp
e:\university\year 3\block 2\graded unit\final engine - main version\final engine\md2model.h(40): warning C4005: 'WIN32': macro redefinition
  e:\university\year 3\block 2\graded unit\final engine - main version\final engine\player.cpp: note: see previous definition of 'WIN32'
e:\university\year 3\block 2\graded unit\final engine - main version\final engine\player.cpp(120): warning C4305: '-=': truncation from 'double' to 'T'
          with
          [
              T=float
          ]
e:\university\year 3\block 2\graded unit\final engine - main version\final engine\player.cpp(132): warning C4305: '+=': truncation from 'double' to 'T'
          with
          [
              T=float
          ]
e:\university\year 3\block 2\graded unit\final engine - main version\final engine\player.cpp(149): warning C4305: 'argument': truncation from 'double' to 'GLfloat'
e:\university\year 3\block 2\graded unit\final engine - main version\final engine\player.cpp(155): warning C4305: 'argument': truncation from 'double' to 'GLfloat'
e:\university\year 3\block 2\graded unit\final engine - main version\final engine\player.cpp(164): warning C4305: 'argument': truncation from 'double' to 'float'
e:\university\year 3\block 2\graded unit\final engine - main version\final engine\player.cpp(232): warning C4305: 'argument': truncation from 'double' to 'float'
  main.cpp
e:\university\year 3\block 2\graded unit\final engine - main version\final engine\md2model.h(40): warning C4005: 'WIN32': macro redefinition
  e:\university\year 3\block 2\graded unit\final engine - main version\final engine\main.cpp: note: see previous definition of 'WIN32'
e:\university\year 3\block 2\graded unit\final engine - main version\final engine\main.cpp(76): warning C4244: 'argument': conversion from 'T' to 'int', possible loss of data
          with
          [
              T=float
          ]
  Generating Code...
  Final Engine.vcxproj -> E:\University\Year 3\Block 2\Graded Unit\Final Engine - MAIN VERSION\Debug\Final Engine.exe
